2026-06-14 05:55:30.654 INFO  c.k.k.c.l.logback.LogbackConfigurator    - Logback default configuration initialized from: C:\Users\lenovo\.katalon\packages\KS-11.2.0\configuration\org.eclipse.osgi\151\0\.cp\resources\logback\logback-execution.xml
2026-06-14 05:55:30.659 INFO  c.k.k.c.l.logback.LogbackConfigurator    - Logback custom configuration initialized from: C:\Users\lenovo\Desktop\HABIBULLAH\20252026-2\SQA\Katalon\UTM-Go-Katalon-Testing\Include\config\log.properties
2026-06-14 05:55:32.131 INFO  c.k.katalon.core.main.TestSuiteExecutor  - START Test Suites/Create Discussion Post
2026-06-14 05:55:32.288 INFO  c.k.katalon.core.main.TestSuiteExecutor  - userFullName = habibullah
2026-06-14 05:55:32.289 INFO  c.k.katalon.core.main.TestSuiteExecutor  - projectName = UTM-Go-Katalon-Testing
2026-06-14 05:55:32.291 INFO  c.k.katalon.core.main.TestSuiteExecutor  - hostName = Handsome - LAPTOP-GUEJSDOP
2026-06-14 05:55:32.295 INFO  c.k.katalon.core.main.TestSuiteExecutor  - os = Windows 10 64bit
2026-06-14 05:55:32.298 INFO  c.k.katalon.core.main.TestSuiteExecutor  - hostAddress = 192.168.56.1
2026-06-14 05:55:32.300 INFO  c.k.katalon.core.main.TestSuiteExecutor  - katalonVersion = 11.2.0.0
2026-06-14 05:55:32.668 INFO  c.k.katalon.core.main.TestCaseExecutor   - --------------------
2026-06-14 05:55:32.669 INFO  c.k.katalon.core.main.TestCaseExecutor   - START Test Cases/Community Module/Create Discussion Post Successfully
2026-06-14 05:55:33.402 DEBUG t.Create Discussion Post Successfully    - 1: openBrowser(null)
2026-06-14 05:55:34.205 INFO  c.k.k.core.webui.driver.DriverFactory    - Starting 'Chrome' driver
2026-06-14 05:55:34.323 INFO  c.k.k.core.webui.driver.DriverFactory    - Action delay is set to 0 milliseconds
2026-06-14 05:55:37.327 INFO  c.k.k.core.webui.driver.DriverFactory    - sessionId = 1169de22d3286127d01cb3bf465e3f1f
2026-06-14 05:55:37.330 INFO  c.k.k.core.webui.driver.DriverFactory    - browser = Chrome 149.0.7827.114
2026-06-14 05:55:37.331 INFO  c.k.k.core.webui.driver.DriverFactory    - platform = Windows 10
2026-06-14 05:55:37.332 INFO  c.k.k.core.webui.driver.DriverFactory    - seleniumVersion = 4.39.0
2026-06-14 05:55:37.347 INFO  c.k.k.core.webui.driver.DriverFactory    - proxyInformation = ProxyInformation { proxyOption=NO_PROXY, proxyServerType=HTTP, username=, password=********, proxyServerAddress=, proxyServerPort=0, executionList="", isApplyToDesiredCapabilities=true }
2026-06-14 05:55:37.412 DEBUG t.Create Discussion Post Successfully    - 2: navigateToUrl("https://utm-go.vercel.app/home")
2026-06-14 05:55:37.801 DEBUG t.Create Discussion Post Successfully    - 3: setText(findTestObject("Community Module/Page_UTMGo/input_yougraduate.utm.my"), "habibullah@graduate.utm.my")
2026-06-14 05:55:39.381 DEBUG t.Create Discussion Post Successfully    - 4: setEncryptedText(findTestObject("Community Module/Page_UTMGo/input_Enter your password"), "f7IgQFd4qQo=")
2026-06-14 05:55:39.847 DEBUG t.Create Discussion Post Successfully    - 5: sendKeys(findTestObject("Community Module/Page_UTMGo/input_Enter your password"), Keys.chord(ENTER))
2026-06-14 05:55:40.241 DEBUG t.Create Discussion Post Successfully    - 6: click(findTestObject("Community Module/Page_UTMGo/button_Sign In"))
2026-06-14 05:55:40.680 DEBUG t.Create Discussion Post Successfully    - 7: click(findTestObject("Community Module/Page_UTMGo/button_Community"))
2026-06-14 05:55:41.937 DEBUG t.Create Discussion Post Successfully    - 8: click(findTestObject("Community Module/Page_UTMGo/button_DiscussionJoin community conversations"))
2026-06-14 05:55:42.552 DEBUG t.Create Discussion Post Successfully    - 9: click(findTestObject("Community Module/Page_UTMGo/svg_lucide lucide-plus w-5 h-5"))
2026-06-14 05:55:43.445 DEBUG t.Create Discussion Post Successfully    - 10: setText(findTestObject("Community Module/Page_UTMGo/input_What would you like to discuss"), "Test")
2026-06-14 05:55:44.435 DEBUG t.Create Discussion Post Successfully    - 11: setText(findTestObject("Community Module/Page_UTMGo/textarea_Share your thoughts with the community"), "Test 123")
2026-06-14 05:55:45.194 DEBUG t.Create Discussion Post Successfully    - 12: click(findTestObject("Community Module/Page_UTMGo/button_Post"))
2026-06-14 05:55:45.825 DEBUG t.Create Discussion Post Successfully    - 13: click(findTestObject("Community Module/Page_UTMGo/div_mmuhammad habibullah6_13_2026, 9_37_58 PMTes"))
2026-06-14 05:55:47.279 INFO  c.k.katalon.core.main.TestCaseExecutor   - END Test Cases/Community Module/Create Discussion Post Successfully
2026-06-14 05:55:47.293 INFO  c.k.katalon.core.main.TestCaseExecutor   - --------------------
2026-06-14 05:55:47.293 INFO  c.k.katalon.core.main.TestCaseExecutor   - START Test Cases/Community Module/Failed Discussion Post without Title
2026-06-14 05:55:47.451 DEBUG t.Failed Discussion Post without Title   - 1: openBrowser(null)
2026-06-14 05:55:47.457 WARN  c.k.k.core.webui.driver.DriverFactory    - A browser is already opened. Closing browser and opening a new one
2026-06-14 05:55:47.724 INFO  c.k.k.core.webui.driver.DriverFactory    - Starting 'Chrome' driver
2026-06-14 05:55:47.729 INFO  c.k.k.core.webui.driver.DriverFactory    - Action delay is set to 0 milliseconds
2026-06-14 05:55:49.085 INFO  c.k.k.core.webui.driver.DriverFactory    - sessionId = 9dbf5460f98301f2bd2334fd7902b0b6
2026-06-14 05:55:49.091 INFO  c.k.k.core.webui.driver.DriverFactory    - browser = Chrome 149.0.7827.114
2026-06-14 05:55:49.093 INFO  c.k.k.core.webui.driver.DriverFactory    - platform = Windows 10
2026-06-14 05:55:49.094 INFO  c.k.k.core.webui.driver.DriverFactory    - seleniumVersion = 4.39.0
2026-06-14 05:55:49.095 INFO  c.k.k.core.webui.driver.DriverFactory    - proxyInformation = ProxyInformation { proxyOption=NO_PROXY, proxyServerType=HTTP, username=, password=********, proxyServerAddress=, proxyServerPort=0, executionList="", isApplyToDesiredCapabilities=true }
2026-06-14 05:55:49.131 DEBUG t.Failed Discussion Post without Title   - 2: navigateToUrl("https://utm-go.vercel.app/home")
2026-06-14 05:55:49.844 DEBUG t.Failed Discussion Post without Title   - 3: setText(findTestObject("Community Module/Page_UTMGo/input_yougraduate.utm.my"), "habibullah@graduate.utm.my")
2026-06-14 05:55:50.924 DEBUG t.Failed Discussion Post without Title   - 4: setEncryptedText(findTestObject("Community Module/Page_UTMGo/input_Enter your password"), "f7IgQFd4qQo=")
2026-06-14 05:55:51.377 DEBUG t.Failed Discussion Post without Title   - 5: sendKeys(findTestObject("Community Module/Page_UTMGo/input_Enter your password"), Keys.chord(ENTER))
2026-06-14 05:55:51.709 DEBUG t.Failed Discussion Post without Title   - 6: click(findTestObject("Community Module/Page_UTMGo/button_Sign In"))
2026-06-14 05:55:52.097 DEBUG t.Failed Discussion Post without Title   - 7: click(findTestObject("Community Module/Page_UTMGo/button_Community"))
2026-06-14 05:55:53.558 DEBUG t.Failed Discussion Post without Title   - 8: click(findTestObject("Community Module/Page_UTMGo/button_DiscussionJoin community conversations"))
2026-06-14 05:55:54.161 DEBUG t.Failed Discussion Post without Title   - 9: click(findTestObject("Community Module/Page_UTMGo/svg_lucide lucide-plus w-5 h-5"))
2026-06-14 05:55:55.027 DEBUG t.Failed Discussion Post without Title   - 10: setText(findTestObject("Community Module/Page_UTMGo/textarea_Share your thoughts with the community"), "Test123")
2026-06-14 05:55:55.996 DEBUG t.Failed Discussion Post without Title   - 11: click(findTestObject("Community Module/Page_UTMGo/button_Post"))
2026-06-14 05:56:06.035 WARN  c.k.k.c.w.keyword.builtin.ClickKeyword   - Waiting for element timed out
2026-06-14 05:56:06.126 INFO  c.k.katalon.core.main.TestCaseExecutor   - END Test Cases/Community Module/Failed Discussion Post without Title
2026-06-14 05:56:06.435 INFO  c.k.katalon.core.main.TestSuiteExecutor  - --------------------
2026-06-14 05:56:06.435 INFO  c.k.katalon.core.main.TestSuiteExecutor  - END Test Suites/Create Discussion Post
2026-06-14 05:56:06.435 INFO  c.k.katalon.core.main.TestSuiteExecutor  - ====================
