2026-06-14 05:58:36.784 INFO  c.k.k.c.l.logback.LogbackConfigurator    - Logback default configuration initialized from: C:\Users\lenovo\.katalon\packages\KS-11.2.0\configuration\org.eclipse.osgi\151\0\.cp\resources\logback\logback-execution.xml
2026-06-14 05:58:36.791 INFO  c.k.k.c.l.logback.LogbackConfigurator    - Logback custom configuration initialized from: C:\Users\lenovo\Desktop\HABIBULLAH\20252026-2\SQA\Katalon\UTM-Go-Katalon-Testing\Include\config\log.properties
2026-06-14 05:58:38.193 INFO  c.k.katalon.core.main.TestSuiteExecutor  - START Test Suites/Comment on Sports Discussions
2026-06-14 05:58:38.348 INFO  c.k.katalon.core.main.TestSuiteExecutor  - userFullName = habibullah
2026-06-14 05:58:38.351 INFO  c.k.katalon.core.main.TestSuiteExecutor  - projectName = UTM-Go-Katalon-Testing
2026-06-14 05:58:38.352 INFO  c.k.katalon.core.main.TestSuiteExecutor  - hostName = Handsome - LAPTOP-GUEJSDOP
2026-06-14 05:58:38.353 INFO  c.k.katalon.core.main.TestSuiteExecutor  - os = Windows 10 64bit
2026-06-14 05:58:38.355 INFO  c.k.katalon.core.main.TestSuiteExecutor  - hostAddress = 192.168.56.1
2026-06-14 05:58:38.356 INFO  c.k.katalon.core.main.TestSuiteExecutor  - katalonVersion = 11.2.0.0
2026-06-14 05:58:38.608 INFO  c.k.katalon.core.main.TestCaseExecutor   - --------------------
2026-06-14 05:58:38.608 INFO  c.k.katalon.core.main.TestCaseExecutor   - START Test Cases/Community Module/Submit Comment Successfully
2026-06-14 05:58:39.278 DEBUG testcase.Submit Comment Successfully     - 1: openBrowser(null)
2026-06-14 05:58:39.977 INFO  c.k.k.core.webui.driver.DriverFactory    - Starting 'Chrome' driver
2026-06-14 05:58:40.061 INFO  c.k.k.core.webui.driver.DriverFactory    - Action delay is set to 0 milliseconds
2026-06-14 05:58:43.081 INFO  c.k.k.core.webui.driver.DriverFactory    - sessionId = 1effb556f22b7507a96d96ce7526a80c
2026-06-14 05:58:43.083 INFO  c.k.k.core.webui.driver.DriverFactory    - browser = Chrome 149.0.7827.114
2026-06-14 05:58:43.084 INFO  c.k.k.core.webui.driver.DriverFactory    - platform = Windows 10
2026-06-14 05:58:43.085 INFO  c.k.k.core.webui.driver.DriverFactory    - seleniumVersion = 4.39.0
2026-06-14 05:58:43.138 INFO  c.k.k.core.webui.driver.DriverFactory    - proxyInformation = ProxyInformation { proxyOption=NO_PROXY, proxyServerType=HTTP, username=, password=********, proxyServerAddress=, proxyServerPort=0, executionList="", isApplyToDesiredCapabilities=true }
2026-06-14 05:58:43.216 DEBUG testcase.Submit Comment Successfully     - 2: navigateToUrl("https://utm-go.vercel.app/home")
2026-06-14 05:58:43.787 DEBUG testcase.Submit Comment Successfully     - 3: setText(findTestObject("Facility Module/Page_UTMGo/input_yougraduate.utm.my"), "habibullah@graduate.utm.my")
2026-06-14 05:58:45.080 DEBUG testcase.Submit Comment Successfully     - 4: setEncryptedText(findTestObject("Facility Module/Page_UTMGo/input_Enter your password"), "f7IgQFd4qQo=")
2026-06-14 05:58:45.541 DEBUG testcase.Submit Comment Successfully     - 5: click(findTestObject("Facility Module/Page_UTMGo/button_Sign In"))
2026-06-14 05:58:45.971 DEBUG testcase.Submit Comment Successfully     - 6: click(findTestObject("Facility Module/Page_UTMGo/button_Community"))
2026-06-14 05:58:47.136 DEBUG testcase.Submit Comment Successfully     - 7: click(findTestObject("Facility Module/Page_UTMGo/button_DiscussionJoin community conversations"))
2026-06-14 05:58:47.765 DEBUG testcase.Submit Comment Successfully     - 8: click(findTestObject("Facility Module/Page_UTMGo/div_mmuhammad habibullah6_13_2026, 9_37_58 PMTes"))
2026-06-14 05:58:48.608 DEBUG testcase.Submit Comment Successfully     - 9: setText(findTestObject("Facility Module/Page_UTMGo/input_Write a comment"), "Test Comment")
2026-06-14 05:58:50.749 DEBUG testcase.Submit Comment Successfully     - 10: click(findTestObject("Facility Module/Page_UTMGo/button_Send"))
2026-06-14 05:58:51.135 INFO  c.k.katalon.core.main.TestCaseExecutor   - END Test Cases/Community Module/Submit Comment Successfully
2026-06-14 05:58:51.466 INFO  c.k.katalon.core.main.TestSuiteExecutor  - --------------------
2026-06-14 05:58:51.467 INFO  c.k.katalon.core.main.TestSuiteExecutor  - END Test Suites/Comment on Sports Discussions
2026-06-14 05:58:51.467 INFO  c.k.katalon.core.main.TestSuiteExecutor  - ====================
